<?xml version="1.0" encoding="UTF-8"?>
<!-- Generated by org.testng.reporters.JUnitReportReporter -->
<testsuite hostname="SL-NB0050" failures="0" tests="2" name="com.mipractice.qa.testcase.Login" time="24.313" errors="0" timestamp="2024-02-24T15:33:28 IST" skipped="0">
  <testcase classname="com.mipractice.qa.testcase.Login" name="Verifywithlogincredentials" time="12.469"/>
  <testcase classname="com.mipractice.qa.testcase.Login" name="VerifywithInvalidlogincredentials" time="11.844"/>
</testsuite> <!-- com.mipractice.qa.testcase.Login -->
