<?xml version="1.0" encoding="UTF-8"?>
<!-- Generated by org.testng.reporters.JUnitReportReporter -->
<testsuite hostname="SL-NB0050" failures="0" tests="3" name="com.mipractice.qa.testcase.Search" time="32.459" errors="0" timestamp="2024-02-24T15:33:28 IST" skipped="0">
  <testcase classname="com.mipractice.qa.testcase.Search" name="verifySearchWithExistingProduct" time="10.619"/>
  <testcase classname="com.mipractice.qa.testcase.Search" name="verifySearchWithInvalidProduct" time="11.476"/>
  <testcase classname="com.mipractice.qa.testcase.Search" name="verifyserachwithoutAnyProduct" time="10.364"/>
</testsuite> <!-- com.mipractice.qa.testcase.Search -->
