<?xml version="1.0" encoding="UTF-8"?>
<!-- Generated by org.testng.reporters.JUnitReportReporter -->
<testsuite hostname="SL-NB0050" failures="0" tests="3" name="com.mipractice.qa.testcase.Register" time="43.805" errors="0" timestamp="2024-02-24T15:33:28 IST" skipped="0">
  <testcase classname="com.mipractice.qa.testcase.Register" name="verifyRegisteraccountwithMandatoryFields" time="19.238"/>
  <testcase classname="com.mipractice.qa.testcase.Register" name="verifyRegisteraccountwithAllFields" time="12.663"/>
  <testcase classname="com.mipractice.qa.testcase.Register" name="verifyRegisteraccountwithexsistingEmail" time="11.904"/>
</testsuite> <!-- com.mipractice.qa.testcase.Register -->
